<?xml version="1.0" encoding="UTF-8"?>
<!-- Generated by org.testng.reporters.JUnitXMLReporter -->
<testsuite ignored="0" hostname="DESKTOP-O05O0KB" failures="0" tests="6" name="Myfile" time="14.18" errors="0" timestamp="2025-07-16T14:47:52 IST">
  <testcase classname="Autotesting.Firstautotestcase" name="openapp" time="0.015"/>
  <testcase classname="Autotesting.Firstautotestcase" name="Loginapp" time="0.001"/>
  <testcase classname="Autotesting.Firstautotestcase" name="Logoutapp" time="0.002"/>
  <testcase classname="Autotesting.LoginHRM" name="openapp" time="8.662"/>
  <testcase classname="Autotesting.LoginHRM" name="findlogo" time="5.092"/>
  <testcase classname="Autotesting.LoginHRM" name="loginapp" time="0.303"/>
</testsuite> <!-- Myfile -->
