<?xml version="1.0" encoding="UTF-8"?>
<!-- Generated by org.testng.reporters.JUnitXMLReporter -->
<testsuite ignored="5" hostname="DESKTOP-O05O0KB" failures="0" tests="3" name="Mygroup" time="0.105" errors="0" timestamp="2025-08-05T22:38:05 IST">
  <testcase classname="Groups.Test1" name="SignbyEmail" time="0.016"/>
  <testcase classname="Groups.Test1" name="Signbyfacebook" time="0.002"/>
  <testcase classname="Groups.Test1" name="SignbyInstgram" time="0.003"/>
  <testcase classname="Groups.Test2" name="Loginbyfacebook" time="0.0">
    <ignored/>
  </testcase> <!-- Loginbyfacebook -->
  <testcase classname="Groups.Test2" name="LoginbyInstgram" time="0.0">
    <ignored/>
  </testcase> <!-- LoginbyInstgram -->
  <testcase classname="Groups.Test3" name="PayementbyDoller" time="0.0">
    <ignored/>
  </testcase> <!-- PayementbyDoller -->
  <testcase classname="Groups.Test2" name="LoginbyEmail" time="0.0">
    <ignored/>
  </testcase> <!-- LoginbyEmail -->
  <testcase classname="Groups.Test3" name="PayemntbyRupees" time="0.0">
    <ignored/>
  </testcase> <!-- PayemntbyRupees -->
</testsuite> <!-- Mygroup -->
