<?xml version="1.0" encoding="UTF-8"?>
<!-- Generated by org.testng.reporters.JUnitXMLReporter -->
<testsuite ignored="0" hostname="DESKTOP-O05O0KB" failures="0" tests="3" name="TestMethod1" time="0.138" errors="0" timestamp="2025-07-17T12:24:09 IST">
  <testcase classname="TestAnnonations.Demo1" name="abc" time="0.014"/>
  <testcase classname="TestAnnonations.Demo2" name="pqr" time="0.007"/>
  <testcase classname="TestAnnonations.Demo3" name="xyz" time="0.007"/>
</testsuite> <!-- TestMethod1 -->
