<?xml version="1.0" encoding="UTF-8"?>
<!-- Generated by org.testng.reporters.JUnitXMLReporter -->
<testsuite ignored="0" hostname="DESKTOP-O05O0KB" failures="1" tests="3" name="Test" time="15.687" errors="0" timestamp="2025-07-18T16:08:07 IST">
  <testcase classname="Listners.ListnersDemo" name="logo" time="0.099"/>
  <testcase classname="Listners.ListnersDemo" name="GetUrl" time="0.095">
    <failure type="java.lang.AssertionError" message="expected [https://opensource-demo.orangehrmlive] but found [https://opensource-demo.orangehrmlive.com/web/index.php/auth/login]">
      <![CDATA[java.lang.AssertionError: expected [https://opensource-demo.orangehrmlive] but found [https://opensource-demo.orangehrmlive.com/web/index.php/auth/login]
at Listners.ListnersDemo.GetUrl(ListnersDemo.java:39)
at java.base/java.util.ArrayList.forEach(ArrayList.java:1597)
... Removed 31 stack frames]]>
    </failure>
  </testcase> <!-- GetUrl -->
  <testcase classname="Listners.ListnersDemo" name="Title" time="0.002">
    <skipped/>
  </testcase> <!-- Title -->
</testsuite> <!-- Test -->
