<?xml version="1.0" encoding="UTF-8"?>
<testng-results ignored="5" total="8" passed="3" failed="0" skipped="0">
  <reporter-output>
  </reporter-output>
  <suite started-at="2025-08-05T22:38:04 IST" name="Suite" finished-at="2025-08-05T22:38:04 IST" duration-ms="105">
    <groups>
      <group name="Sanity">
        <method signature="Test1.SignbyEmail()[pri:1, instance:Groups.Test1@49438269]" name="SignbyEmail" class="Groups.Test1"/>
        <method signature="Test1.Signbyfacebook()[pri:2, instance:Groups.Test1@49438269]" name="Signbyfacebook" class="Groups.Test1"/>
        <method signature="Test1.SignbyInstgram()[pri:3, instance:Groups.Test1@49438269]" name="SignbyInstgram" class="Groups.Test1"/>
      </group> <!-- Sanity -->
    </groups>
    <test started-at="2025-08-05T22:38:04 IST" name="Mygroup" finished-at="2025-08-05T22:38:04 IST" duration-ms="105">
      <class name="Groups.Test1">
        <test-method signature="SignbyEmail()[pri:1, instance:Groups.Test1@49438269]" started-at="2025-08-05T22:38:04 IST" name="SignbyEmail" finished-at="2025-08-05T22:38:04 IST" duration-ms="16" status="PASS">
          <reporter-output>
          </reporter-output>
        </test-method> <!-- SignbyEmail -->
        <test-method signature="Signbyfacebook()[pri:2, instance:Groups.Test1@49438269]" started-at="2025-08-05T22:38:04 IST" name="Signbyfacebook" finished-at="2025-08-05T22:38:04 IST" duration-ms="2" status="PASS">
          <reporter-output>
          </reporter-output>
        </test-method> <!-- Signbyfacebook -->
        <test-method signature="SignbyInstgram()[pri:3, instance:Groups.Test1@49438269]" started-at="2025-08-05T22:38:04 IST" name="SignbyInstgram" finished-at="2025-08-05T22:38:04 IST" duration-ms="3" status="PASS">
          <reporter-output>
          </reporter-output>
        </test-method> <!-- SignbyInstgram -->
      </class> <!-- Groups.Test1 -->
    </test> <!-- Mygroup -->
  </suite> <!-- Suite -->
</testng-results>
