<?xml version="1.0" encoding="UTF-8"?>
<!-- Generated by org.testng.reporters.JUnitReportReporter -->
<testsuite hostname="DESKTOP-O05O0KB" failures="0" tests="9" name="Parallel.ParallelDemo" time="0.334" errors="0" timestamp="2025-07-18T14:22:31 IST" skipped="0">
  <testcase classname="Parallel.ParallelDemo" name="logo" time="0.071"/>
  <testcase classname="Parallel.ParallelDemo" name="logo" time="0.030"/>
  <testcase classname="Parallel.ParallelDemo" name="logo" time="0.133"/>
  <testcase classname="Parallel.ParallelDemo" name="Title" time="0.014"/>
  <testcase classname="Parallel.ParallelDemo" name="Title" time="0.023"/>
  <testcase classname="Parallel.ParallelDemo" name="Title" time="0.010"/>
  <testcase classname="Parallel.ParallelDemo" name="GetUrl" time="0.017"/>
  <testcase classname="Parallel.ParallelDemo" name="GetUrl" time="0.020"/>
  <testcase classname="Parallel.ParallelDemo" name="GetUrl" time="0.016"/>
</testsuite> <!-- Parallel.ParallelDemo -->
