<?xml version="1.0" encoding="UTF-8"?>
<!-- Generated by org.testng.reporters.JUnitReportReporter -->
<testsuite hostname="DESKTOP-O05O0KB" failures="0" tests="3" name="Groups.Test1" time="0.021" errors="0" timestamp="2025-08-05T22:38:05 IST" skipped="0">
  <testcase classname="Groups.Test1" name="SignbyEmail" time="0.016"/>
  <testcase classname="Groups.Test1" name="Signbyfacebook" time="0.002"/>
  <testcase classname="Groups.Test1" name="SignbyInstgram" time="0.003"/>
</testsuite> <!-- Groups.Test1 -->
