<?xml version="1.0" encoding="UTF-8"?>
<!-- Generated by org.testng.reporters.JUnitReportReporter -->
<testsuite hostname="DESKTOP-O05O0KB" failures="0" tests="3" name="Groups.Test2" time="0.021" errors="0" timestamp="2025-08-05T22:36:49 IST" skipped="0">
  <testcase classname="Groups.Test2" name="LoginbyEmail" time="0.008"/>
  <testcase classname="Groups.Test2" name="Loginbyfacebook" time="0.009"/>
  <testcase classname="Groups.Test2" name="LoginbyInstgram" time="0.004"/>
</testsuite> <!-- Groups.Test2 -->
