<?xml version="1.0" encoding="UTF-8"?>
<!-- Generated by org.testng.reporters.JUnitReportReporter -->
<testsuite hostname="DESKTOP-O05O0KB" failures="0" tests="3" name="Autotesting.LoginHRM" time="14.057" errors="0" timestamp="2025-07-16T14:47:52 IST" skipped="0">
  <testcase classname="Autotesting.LoginHRM" name="openapp" time="8.662"/>
  <testcase classname="Autotesting.LoginHRM" name="findlogo" time="5.092"/>
  <testcase classname="Autotesting.LoginHRM" name="loginapp" time="0.303"/>
</testsuite> <!-- Autotesting.LoginHRM -->
