<?xml version="1.0" encoding="UTF-8"?>
<!-- Generated by org.testng.reporters.JUnitReportReporter -->
<testsuite hostname="DESKTOP-O05O0KB" failures="0" tests="3" name="Autotesting.Firstautotestcase" time="0.018" errors="0" timestamp="2025-07-16T14:47:52 IST" skipped="0">
  <testcase classname="Autotesting.Firstautotestcase" name="openapp" time="0.015"/>
  <testcase classname="Autotesting.Firstautotestcase" name="Loginapp" time="0.001"/>
  <testcase classname="Autotesting.Firstautotestcase" name="Logoutapp" time="0.002"/>
</testsuite> <!-- Autotesting.Firstautotestcase -->
